FDTD Solutions Version 8.17.1157 (Mac 64bit)
 expires (month/day/year): 5/26/2017
using config file: /Users/pleu/.config/Lumerical/FDTD Solutions.ini
license host: <a href=http://coco.sam.pitt.edu:8095>coco.sam.pitt.edu:8095</a>
current time: Mon Apr 24 11:40:20 2017
Running on host: Pauls-MacBook-Pro-8.local
All processes are communicating and ready to proceed to simulation...
Running fsp file: /Applications/Lumerical/FDTD Solutions/FDTD Solutions.app/Contents/MacOS/fdtd-engine -remote /Users/pleu/Documents/LAMP-solar/solar_analysis/examples/thin film angle dependence BFAST/SiThinFilmTheta15degTE.fsp
number of processors is 1
processors are distributed as: 1x1x1
Running 3D Simulation
Split-field FDTD is activated with propagation along axis 3, center frequency is 3, n=1
Starting meshing
Simulation size in gridpoints: 4 x 3 x 299
Completed meshing!
Meshing complete in 0.000227 seconds of CPU time
Numerical discretization of material 'Si (Silicon) - Palik' might be unstable! Max. imaginary part of epsilon is 0.0222973!
80 80
Starting meshing
Simulation size in gridpoints: 4 x 3 x 299
Completed meshing!
Meshing complete in 0.000192 seconds of CPU time
Numerical discretization of material 'Si (Silicon) - Palik' might be unstable! Max. imaginary part of epsilon is 0.0222973!
80 80
Starting meshing
Simulation size in gridpoints: 4 x 3 x 299
Completed meshing!
Meshing complete in 0.000134 seconds of CPU time
Numerical discretization of material 'Si (Silicon) - Palik' might be unstable! Max. imaginary part of epsilon is 0.0222973!
80 80
finished material properties
Using selected optimization level: 2
Selecting 3d kernel for splitFieldDirection=3 and optLevel=2
-----------------------------------------
Beginning initialization of 3D Simulation
Starting to add sources to simulation
Reverted to narrowband source injection
Using BFAST in the 3d sources! Injection direction: 1, index: 1
Adding 3D Gaussian Source propagating in Z
Starting to add boundary conditions to simulation
Adding 3D Periodic BC
Adding 3D Periodic BC
Adding 3D Anti-Symmetric BC
Adding 3D Anti-Symmetric BC
Adding 3D PML BC
Adding 3D PML BC
Starting to add monitors to Simulation
Adding analysis monitor
Adding 3D DFT monitor
Adding 3D DFT monitor
Finished initialization of 3D Simulation
-----------------------------------------
All processes are communicating and ready to proceed to simulation...
Starting 141531 total iterations
0% complete. Max time remaining: 43 secs. Auto Shutoff: 1
1% complete. Max time remaining: 45 secs. Auto Shutoff: 0.393477
3% complete. Max time remaining: 44 secs. Auto Shutoff: 0.335841
6% complete. Max time remaining: 43 secs. Auto Shutoff: 0.100271
9% complete. Max time remaining: 41 secs. Auto Shutoff: 0.0358604
12% complete. Max time remaining: 40 secs. Auto Shutoff: 0.0126721
14% complete. Max time remaining: 38 secs. Auto Shutoff: 0.0048574
17% complete. Max time remaining: 37 secs. Auto Shutoff: 0.00178638
20% complete. Max time remaining: 36 secs. Auto Shutoff: 0.00069042
23% complete. Max time remaining: 35 secs. Auto Shutoff: 0.00025616
26% complete. Max time remaining: 33 secs. Auto Shutoff: 9.79337e-05
29% complete. Max time remaining: 32 secs. Auto Shutoff: 3.83635e-05
32% complete. Max time remaining: 31 secs. Auto Shutoff: 1.47224e-05
33% complete. Max time remaining: 30 secs. Auto Shutoff: 9.85472e-06
100% complete. Max time remaining: 0 mins, 0 secs. Auto Shutoff: 9.85472e-06
Early termination of simulation, the autoshutoff criteria are satisfied.
Completed 46542 iterations, or 3.288465e-13s of Simulation Time
Process 0 starting to collect data
    collecting monitor data
    collecting source data
Reverted to narrowband source injection
Using BFAST in the 3d sources! Injection direction: 1, index: 1
Finished collecting data
Simulation completed successfully at: Mon Apr 24 11:40:41 2017
Overall wall time measurements in seconds:
    time to mesh and initialize: 6
    time to run FDTD simulation: 15
    time to finalize data and save to files: 0
    FDTD solver speed: 11.1328 Mnodes/s
    total FDTD solver speed on 1 processes: 11.1328 Mnodes/s
