FDTD Solutions Version 8.17.1157 (Mac 64bit)
 expires (month/day/year): 5/26/2017
using config file: /Users/pleu/.config/Lumerical/FDTD Solutions.ini
license host: <a href=http://coco.sam.pitt.edu:8095>coco.sam.pitt.edu:8095</a>
current time: Mon Apr 24 11:43:57 2017
Running on host: Pauls-MacBook-Pro-8.local
All processes are communicating and ready to proceed to simulation...
Running fsp file: /Applications/Lumerical/FDTD Solutions/FDTD Solutions.app/Contents/MacOS/fdtd-engine -remote /Users/pleu/Documents/LAMP-solar/solar_analysis/examples/thin film angle dependence BFAST/SiThinFilmTheta50degTE.fsp
number of processors is 1
processors are distributed as: 1x1x1
Running 3D Simulation
Split-field FDTD is activated with propagation along axis 3, center frequency is 3, n=1
Starting meshing
Simulation size in gridpoints: 4 x 3 x 307
Completed meshing!
Meshing complete in 0.000239 seconds of CPU time
Numerical discretization of material 'Si (Silicon) - Palik' might be unstable! Max. imaginary part of epsilon is 0.00172366!
80 80
Starting meshing
Simulation size in gridpoints: 4 x 3 x 307
Completed meshing!
Meshing complete in 0.000162 seconds of CPU time
Numerical discretization of material 'Si (Silicon) - Palik' might be unstable! Max. imaginary part of epsilon is 0.00172366!
80 80
Starting meshing
Simulation size in gridpoints: 4 x 3 x 307
Completed meshing!
Meshing complete in 0.000159 seconds of CPU time
Numerical discretization of material 'Si (Silicon) - Palik' might be unstable! Max. imaginary part of epsilon is 0.00172366!
80 80
finished material properties
Using selected optimization level: 2
Selecting 3d kernel for splitFieldDirection=3 and optLevel=2
-----------------------------------------
Beginning initialization of 3D Simulation
Starting to add sources to simulation
Reverted to narrowband source injection
Using BFAST in the 3d sources! Injection direction: 1, index: 1
Adding 3D Gaussian Source propagating in Z
Starting to add boundary conditions to simulation
Adding 3D Periodic BC
Adding 3D Periodic BC
Adding 3D Anti-Symmetric BC
Adding 3D Anti-Symmetric BC
Adding 3D PML BC
Adding 3D PML BC
Starting to add monitors to Simulation
Adding analysis monitor
Adding 3D DFT monitor
Adding 3D DFT monitor
Finished initialization of 3D Simulation
-----------------------------------------
All processes are communicating and ready to proceed to simulation...
Starting 448376 total iterations
0% complete. Max time remaining: 2 mins, 30 secs. Auto Shutoff: 1
2% complete. Max time remaining: 2 mins, 28 secs. Auto Shutoff: 0.196216
3% complete. Max time remaining: 2 mins, 27 secs. Auto Shutoff: 0.1682
4% complete. Max time remaining: 2 mins, 25 secs. Auto Shutoff: 0.114362
5% complete. Max time remaining: 2 mins, 24 secs. Auto Shutoff: 0.0737184
5% complete. Max time remaining: 2 mins, 23 secs. Auto Shutoff: 0.0611006
6% complete. Max time remaining: 2 mins, 22 secs. Auto Shutoff: 0.0460947
7% complete. Max time remaining: 2 mins, 20 secs. Auto Shutoff: 0.0319886
8% complete. Max time remaining: 2 mins, 19 secs. Auto Shutoff: 0.0249666
9% complete. Max time remaining: 2 mins, 17 secs. Auto Shutoff: 0.0185484
10% complete. Max time remaining: 2 mins, 16 secs. Auto Shutoff: 0.0136821
12% complete. Max time remaining: 2 mins, 13 secs. Auto Shutoff: 0.00811647
13% complete. Max time remaining: 2 mins, 11 secs. Auto Shutoff: 0.00611464
14% complete. Max time remaining: 2 mins, 10 secs. Auto Shutoff: 0.00473696
15% complete. Max time remaining: 2 mins, 9 secs. Auto Shutoff: 0.00354682
16% complete. Max time remaining: 2 mins, 7 secs. Auto Shutoff: 0.00268481
16% complete. Max time remaining: 2 mins, 6 secs. Auto Shutoff: 0.00212441
17% complete. Max time remaining: 2 mins, 4 secs. Auto Shutoff: 0.00153142
18% complete. Max time remaining: 2 mins, 3 secs. Auto Shutoff: 0.00121692
19% complete. Max time remaining: 2 mins, 2 secs. Auto Shutoff: 0.000901573
20% complete. Max time remaining: 2 mins, 0 secs. Auto Shutoff: 0.000687722
21% complete. Max time remaining: 1 min, 59 secs. Auto Shutoff: 0.000535549
23% complete. Max time remaining: 1 min, 56 secs. Auto Shutoff: 0.000318807
24% complete. Max time remaining: 1 min, 55 secs. Auto Shutoff: 0.000240735
25% complete. Max time remaining: 1 min, 53 secs. Auto Shutoff: 0.000188091
26% complete. Max time remaining: 1 min, 52 secs. Auto Shutoff: 0.000139395
26% complete. Max time remaining: 1 min, 51 secs. Auto Shutoff: 0.000108091
27% complete. Max time remaining: 1 min, 49 secs. Auto Shutoff: 8.04739e-05
28% complete. Max time remaining: 1 min, 47 secs. Auto Shutoff: 6.14688e-05
29% complete. Max time remaining: 1 min, 46 secs. Auto Shutoff: 4.80464e-05
30% complete. Max time remaining: 1 min, 45 secs. Auto Shutoff: 3.69575e-05
31% complete. Max time remaining: 1 min, 43 secs. Auto Shutoff: 2.96133e-05
33% complete. Max time remaining: 1 min, 40 secs. Auto Shutoff: 1.70092e-05
34% complete. Max time remaining: 1 min, 38 secs. Auto Shutoff: 1.29684e-05
35% complete. Max time remaining: 1 min, 37 secs. Auto Shutoff: 1.02008e-05
100% complete. Max time remaining: 0 mins, 0 secs. Auto Shutoff: 9.99797e-06
Early termination of simulation, the autoshutoff criteria are satisfied.
Completed 155837 iterations, or 3.475584e-13s of Simulation Time
Process 0 starting to collect data
    collecting monitor data
    collecting source data
Reverted to narrowband source injection
Using BFAST in the 3d sources! Injection direction: 1, index: 1
Finished collecting data
Simulation completed successfully at: Mon Apr 24 11:44:55 2017
Overall wall time measurements in seconds:
    time to mesh and initialize: 6
    time to run FDTD simulation: 52
    time to finalize data and save to files: 0
    FDTD solver speed: 11.0405 Mnodes/s
    total FDTD solver speed on 1 processes: 11.0405 Mnodes/s
