FDTD Solutions Version 8.17.1157 (Mac 64bit)
 expires (month/day/year): 5/26/2017
using config file: /Users/pleu/.config/Lumerical/FDTD Solutions.ini
license host: <a href=http://coco.sam.pitt.edu:8095>coco.sam.pitt.edu:8095</a>
current time: Mon Apr 24 11:48:00 2017
Running on host: Pauls-MacBook-Pro-8.local
All processes are communicating and ready to proceed to simulation...
Running fsp file: /Applications/Lumerical/FDTD Solutions/FDTD Solutions.app/Contents/MacOS/fdtd-engine -remote /Users/pleu/Documents/LAMP-solar/solar_analysis/examples/thin film angle dependence BFAST/SiThinFilmTheta65degTE.fsp
number of processors is 1
processors are distributed as: 1x1x1
Running 3D Simulation
Split-field FDTD is activated with propagation along axis 3, center frequency is 3, n=1
Starting meshing
Simulation size in gridpoints: 4 x 3 x 307
Completed meshing!
Meshing complete in 0.000354 seconds of CPU time
Numerical discretization of material 'Si (Silicon) - Palik' might be unstable! Max. imaginary part of epsilon is 0.000556892!
80 80
Starting meshing
Simulation size in gridpoints: 4 x 3 x 307
Completed meshing!
Meshing complete in 0.000147 seconds of CPU time
Numerical discretization of material 'Si (Silicon) - Palik' might be unstable! Max. imaginary part of epsilon is 0.000556892!
80 80
Starting meshing
Simulation size in gridpoints: 4 x 3 x 307
Completed meshing!
Meshing complete in 0.000147 seconds of CPU time
Numerical discretization of material 'Si (Silicon) - Palik' might be unstable! Max. imaginary part of epsilon is 0.000556892!
80 80
finished material properties
Using selected optimization level: 2
Selecting 3d kernel for splitFieldDirection=3 and optLevel=2
-----------------------------------------
Beginning initialization of 3D Simulation
Starting to add sources to simulation
Reverted to narrowband source injection
Using BFAST in the 3d sources! Injection direction: 1, index: 1
Adding 3D Gaussian Source propagating in Z
Starting to add boundary conditions to simulation
Adding 3D Periodic BC
Adding 3D Periodic BC
Adding 3D Anti-Symmetric BC
Adding 3D Anti-Symmetric BC
Adding 3D PML BC
Adding 3D PML BC
Starting to add monitors to Simulation
Adding analysis monitor
Adding 3D DFT monitor
Adding 3D DFT monitor
Finished initialization of 3D Simulation
-----------------------------------------
All processes are communicating and ready to proceed to simulation...
Starting 1119625 total iterations
0% complete. Max time remaining: 5 mins, 43 secs. Auto Shutoff: 1
1% complete. Max time remaining: 5 mins, 58 secs. Auto Shutoff: 0.131843
2% complete. Max time remaining: 5 mins, 47 secs. Auto Shutoff: 0.101399
3% complete. Max time remaining: 5 mins, 42 secs. Auto Shutoff: 0.0798738
4% complete. Max time remaining: 5 mins, 41 secs. Auto Shutoff: 0.0564793
5% complete. Max time remaining: 5 mins, 40 secs. Auto Shutoff: 0.0429398
6% complete. Max time remaining: 5 mins, 38 secs. Auto Shutoff: 0.0344594
7% complete. Max time remaining: 5 mins, 35 secs. Auto Shutoff: 0.0242205
8% complete. Max time remaining: 5 mins, 33 secs. Auto Shutoff: 0.0208185
9% complete. Max time remaining: 5 mins, 29 secs. Auto Shutoff: 0.0159562
10% complete. Max time remaining: 5 mins, 25 secs. Auto Shutoff: 0.0121
11% complete. Max time remaining: 5 mins, 20 secs. Auto Shutoff: 0.00990788
12% complete. Max time remaining: 5 mins, 18 secs. Auto Shutoff: 0.00793754
13% complete. Max time remaining: 5 mins, 14 secs. Auto Shutoff: 0.00625912
14% complete. Max time remaining: 5 mins, 10 secs. Auto Shutoff: 0.00487401
15% complete. Max time remaining: 5 mins, 6 secs. Auto Shutoff: 0.00379991
16% complete. Max time remaining: 5 mins, 3 secs. Auto Shutoff: 0.00327919
17% complete. Max time remaining: 4 mins, 59 secs. Auto Shutoff: 0.00249562
18% complete. Max time remaining: 4 mins, 55 secs. Auto Shutoff: 0.00202381
19% complete. Max time remaining: 4 mins, 52 secs. Auto Shutoff: 0.00164086
20% complete. Max time remaining: 4 mins, 48 secs. Auto Shutoff: 0.00130984
21% complete. Max time remaining: 4 mins, 45 secs. Auto Shutoff: 0.00106162
22% complete. Max time remaining: 4 mins, 41 secs. Auto Shutoff: 0.000840899
23% complete. Max time remaining: 4 mins, 38 secs. Auto Shutoff: 0.000724103
24% complete. Max time remaining: 4 mins, 35 secs. Auto Shutoff: 0.000573449
25% complete. Max time remaining: 4 mins, 32 secs. Auto Shutoff: 0.000451211
26% complete. Max time remaining: 4 mins, 28 secs. Auto Shutoff: 0.000353141
27% complete. Max time remaining: 4 mins, 25 secs. Auto Shutoff: 0.0003139
28% complete. Max time remaining: 4 mins, 21 secs. Auto Shutoff: 0.000241201
29% complete. Max time remaining: 4 mins, 17 secs. Auto Shutoff: 0.000193827
30% complete. Max time remaining: 4 mins, 13 secs. Auto Shutoff: 0.000149913
31% complete. Max time remaining: 4 mins, 10 secs. Auto Shutoff: 0.00012893
32% complete. Max time remaining: 4 mins, 6 secs. Auto Shutoff: 0.000104731
33% complete. Max time remaining: 4 mins, 2 secs. Auto Shutoff: 8.15717e-05
34% complete. Max time remaining: 3 mins, 59 secs. Auto Shutoff: 6.72648e-05
35% complete. Max time remaining: 3 mins, 55 secs. Auto Shutoff: 5.69277e-05
36% complete. Max time remaining: 3 mins, 50 secs. Auto Shutoff: 4.46188e-05
37% complete. Max time remaining: 3 mins, 46 secs. Auto Shutoff: 3.34226e-05
38% complete. Max time remaining: 3 mins, 44 secs. Auto Shutoff: 3.07683e-05
39% complete. Max time remaining: 3 mins, 39 secs. Auto Shutoff: 2.3417e-05
40% complete. Max time remaining: 3 mins, 35 secs. Auto Shutoff: 1.88373e-05
41% complete. Max time remaining: 3 mins, 31 secs. Auto Shutoff: 1.56265e-05
42% complete. Max time remaining: 3 mins, 29 secs. Auto Shutoff: 1.41443e-05
43% complete. Max time remaining: 3 mins, 25 secs. Auto Shutoff: 1.05694e-05
100% complete. Max time remaining: 0 mins, 0 secs. Auto Shutoff: 9.91785e-06
Early termination of simulation, the autoshutoff criteria are satisfied.
Completed 486037 iterations, or 4.341069e-13s of Simulation Time
Process 0 starting to collect data
    collecting monitor data
    collecting source data
Reverted to narrowband source injection
Using BFAST in the 3d sources! Injection direction: 1, index: 1
Finished collecting data
Simulation completed successfully at: Mon Apr 24 11:50:42 2017
Overall wall time measurements in seconds:
    time to mesh and initialize: 6
    time to run FDTD simulation: 156
    time to finalize data and save to files: 0
    FDTD solver speed: 11.478 Mnodes/s
    total FDTD solver speed on 1 processes: 11.478 Mnodes/s
