FDTD Solutions Version 8.17.1157 (Mac 64bit)
 expires (month/day/year): 5/26/2017
using config file: /Users/pleu/.config/Lumerical/FDTD Solutions.ini
license host: <a href=http://coco.sam.pitt.edu:8095>coco.sam.pitt.edu:8095</a>
current time: Mon Apr 24 12:16:11 2017
Running on host: Pauls-MacBook-Pro-8.local
All processes are communicating and ready to proceed to simulation...
Running fsp file: /Applications/Lumerical/FDTD Solutions/FDTD Solutions.app/Contents/MacOS/fdtd-engine -remote /Users/pleu/Documents/LAMP-solar/solar_analysis/examples/thin film angle dependence BFAST/SiThinFilmTheta80degTE.fsp
number of processors is 1
processors are distributed as: 1x1x1
Running 3D Simulation
Split-field FDTD is activated with propagation along axis 3, center frequency is 3, n=1
Starting meshing
Simulation size in gridpoints: 4 x 3 x 307
Completed meshing!
Meshing complete in 0.00027 seconds of CPU time
80 80
Starting meshing
Simulation size in gridpoints: 4 x 3 x 307
Completed meshing!
Meshing complete in 0.000178 seconds of CPU time
80 80
Starting meshing
Simulation size in gridpoints: 4 x 3 x 307
Completed meshing!
Meshing complete in 0.000139 seconds of CPU time
80 80
finished material properties
Using selected optimization level: 2
Selecting 3d kernel for splitFieldDirection=3 and optLevel=2
-----------------------------------------
Beginning initialization of 3D Simulation
Starting to add sources to simulation
Reverted to narrowband source injection
Using BFAST in the 3d sources! Injection direction: 1, index: 1
Adding 3D Gaussian Source propagating in Z
Starting to add boundary conditions to simulation
Adding 3D Periodic BC
Adding 3D Periodic BC
Adding 3D Anti-Symmetric BC
Adding 3D Anti-Symmetric BC
Adding 3D PML BC
Adding 3D PML BC
Starting to add monitors to Simulation
Adding analysis monitor
Adding 3D DFT monitor
Adding 3D DFT monitor
Finished initialization of 3D Simulation
-----------------------------------------
All processes are communicating and ready to proceed to simulation...
Starting 6904848 total iterations
0% complete. Max time remaining: 35 mins, 7 secs. Auto Shutoff: 1
1% complete. Max time remaining: 37 mins, 7 secs. Auto Shutoff: 1
2% complete. Max time remaining: 36 mins, 49 secs. Auto Shutoff: 0.0187841
3% complete. Max time remaining: 36 mins, 26 secs. Auto Shutoff: 0.0155843
4% complete. Max time remaining: 36 mins, 4 secs. Auto Shutoff: 0.0121092
5% complete. Max time remaining: 35 mins, 39 secs. Auto Shutoff: 0.00993038
6% complete. Max time remaining: 35 mins, 16 secs. Auto Shutoff: 0.00904411
7% complete. Max time remaining: 34 mins, 54 secs. Auto Shutoff: 0.00728414
8% complete. Max time remaining: 34 mins, 34 secs. Auto Shutoff: 0.00622296
9% complete. Max time remaining: 34 mins, 10 secs. Auto Shutoff: 0.00557199
10% complete. Max time remaining: 33 mins, 47 secs. Auto Shutoff: 0.00478063
11% complete. Max time remaining: 33 mins, 24 secs. Auto Shutoff: 0.00438685
12% complete. Max time remaining: 32 mins, 60 secs. Auto Shutoff: 0.00376996
13% complete. Max time remaining: 32 mins, 37 secs. Auto Shutoff: 0.00330241
14% complete. Max time remaining: 32 mins, 14 secs. Auto Shutoff: 0.00296728
15% complete. Max time remaining: 31 mins, 52 secs. Auto Shutoff: 0.0026229
16% complete. Max time remaining: 31 mins, 29 secs. Auto Shutoff: 0.00246037
17% complete. Max time remaining: 31 mins, 6 secs. Auto Shutoff: 0.00217891
18% complete. Max time remaining: 30 mins, 44 secs. Auto Shutoff: 0.00190292
19% complete. Max time remaining: 30 mins, 20 secs. Auto Shutoff: 0.00179021
Early termination of simulation by user request
Completed 1339376 iterations, or 1.939762e-13s of Simulation Time
Process 0 starting to collect data
    collecting monitor data
    collecting source data
Reverted to narrowband source injection
Using BFAST in the 3d sources! Injection direction: 1, index: 1
Finished collecting data
Simulation completed successfully at: Mon Apr 24 12:23:33 2017
Overall wall time measurements in seconds:
    time to mesh and initialize: 6
    time to run FDTD simulation: 436
    time to finalize data and save to files: 0
    FDTD solver speed: 11.3171 Mnodes/s
    total FDTD solver speed on 1 processes: 11.3171 Mnodes/s
