FDTD Solutions Version 8.17.1157 (Mac 64bit)
 expires (month/day/year): 5/26/2017
using config file: /Users/pleu/.config/Lumerical/FDTD Solutions.ini
license host: <a href=http://coco.sam.pitt.edu:8095>coco.sam.pitt.edu:8095</a>
current time: Mon Apr 24 12:00:13 2017
Running on host: Pauls-MacBook-Pro-8.local
All processes are communicating and ready to proceed to simulation...
Running fsp file: /Applications/Lumerical/FDTD Solutions/FDTD Solutions.app/Contents/MacOS/fdtd-engine -remote /Users/pleu/Documents/LAMP-solar/solar_analysis/examples/thin film angle dependence BFAST/SiThinFilmTheta75degTE.fsp
number of processors is 1
processors are distributed as: 1x1x1
Running 3D Simulation
Split-field FDTD is activated with propagation along axis 3, center frequency is 3, n=1
Starting meshing
Simulation size in gridpoints: 4 x 3 x 307
Completed meshing!
Meshing complete in 0.000246 seconds of CPU time
Numerical discretization of material 'Si (Silicon) - Palik' might be unstable! Max. imaginary part of epsilon is 0.000181871!
80 80
Starting meshing
Simulation size in gridpoints: 4 x 3 x 307
Completed meshing!
Meshing complete in 0.00025 seconds of CPU time
Numerical discretization of material 'Si (Silicon) - Palik' might be unstable! Max. imaginary part of epsilon is 0.000181871!
80 80
Starting meshing
Simulation size in gridpoints: 4 x 3 x 307
Completed meshing!
Meshing complete in 0.000163 seconds of CPU time
Numerical discretization of material 'Si (Silicon) - Palik' might be unstable! Max. imaginary part of epsilon is 0.000181871!
80 80
finished material properties
Using selected optimization level: 2
Selecting 3d kernel for splitFieldDirection=3 and optLevel=2
-----------------------------------------
Beginning initialization of 3D Simulation
Starting to add sources to simulation
Reverted to narrowband source injection
Using BFAST in the 3d sources! Injection direction: 1, index: 1
Adding 3D Gaussian Source propagating in Z
Starting to add boundary conditions to simulation
Adding 3D Periodic BC
Adding 3D Periodic BC
Adding 3D Anti-Symmetric BC
Adding 3D Anti-Symmetric BC
Adding 3D PML BC
Adding 3D PML BC
Starting to add monitors to Simulation
Adding analysis monitor
Adding 3D DFT monitor
Adding 3D DFT monitor
Finished initialization of 3D Simulation
-----------------------------------------
All processes are communicating and ready to proceed to simulation...
Starting 3078583 total iterations
0% complete. Max time remaining: 17 mins, 23 secs. Auto Shutoff: 1
1% complete. Max time remaining: 16 mins, 50 secs. Auto Shutoff: 0.0587551
2% complete. Max time remaining: 16 mins, 38 secs. Auto Shutoff: 0.0446061
3% complete. Max time remaining: 16 mins, 28 secs. Auto Shutoff: 0.0381901
4% complete. Max time remaining: 16 mins, 13 secs. Auto Shutoff: 0.0266733
5% complete. Max time remaining: 16 mins, 2 secs. Auto Shutoff: 0.0220525
6% complete. Max time remaining: 15 mins, 50 secs. Auto Shutoff: 0.0187628
7% complete. Max time remaining: 15 mins, 38 secs. Auto Shutoff: 0.0149238
8% complete. Max time remaining: 15 mins, 27 secs. Auto Shutoff: 0.0121061
9% complete. Max time remaining: 15 mins, 18 secs. Auto Shutoff: 0.0106071
10% complete. Max time remaining: 15 mins, 8 secs. Auto Shutoff: 0.0086282
11% complete. Max time remaining: 14 mins, 58 secs. Auto Shutoff: 0.00778661
12% complete. Max time remaining: 14 mins, 47 secs. Auto Shutoff: 0.00633446
13% complete. Max time remaining: 14 mins, 38 secs. Auto Shutoff: 0.00541158
14% complete. Max time remaining: 14 mins, 27 secs. Auto Shutoff: 0.00461372
15% complete. Max time remaining: 14 mins, 17 secs. Auto Shutoff: 0.00389621
16% complete. Max time remaining: 14 mins, 6 secs. Auto Shutoff: 0.00360883
17% complete. Max time remaining: 13 mins, 56 secs. Auto Shutoff: 0.00298267
18% complete. Max time remaining: 13 mins, 44 secs. Auto Shutoff: 0.00246909
19% complete. Max time remaining: 13 mins, 34 secs. Auto Shutoff: 0.0021645
20% complete. Max time remaining: 13 mins, 23 secs. Auto Shutoff: 0.00185226
21% complete. Max time remaining: 13 mins, 14 secs. Auto Shutoff: 0.00152584
22% complete. Max time remaining: 13 mins, 4 secs. Auto Shutoff: 0.00137352
23% complete. Max time remaining: 12 mins, 55 secs. Auto Shutoff: 0.00122783
24% complete. Max time remaining: 12 mins, 44 secs. Auto Shutoff: 0.00104698
25% complete. Max time remaining: 12 mins, 34 secs. Auto Shutoff: 0.000903004
26% complete. Max time remaining: 12 mins, 24 secs. Auto Shutoff: 0.000760818
27% complete. Max time remaining: 12 mins, 14 secs. Auto Shutoff: 0.000731793
28% complete. Max time remaining: 12 mins, 3 secs. Auto Shutoff: 0.000624772
29% complete. Max time remaining: 11 mins, 54 secs. Auto Shutoff: 0.000673614
30% complete. Max time remaining: 11 mins, 43 secs. Auto Shutoff: 0.00053363
31% complete. Max time remaining: 11 mins, 32 secs. Auto Shutoff: 0.000585975
32% complete. Max time remaining: 11 mins, 22 secs. Auto Shutoff: 0.000456495
33% complete. Max time remaining: 11 mins, 11 secs. Auto Shutoff: 0.000712956
34% complete. Max time remaining: 11 mins, 2 secs. Auto Shutoff: 0.000419606
35% complete. Max time remaining: 10 mins, 51 secs. Auto Shutoff: 0.00101015
36% complete. Max time remaining: 10 mins, 42 secs. Auto Shutoff: 0.000629452
37% complete. Max time remaining: 10 mins, 31 secs. Auto Shutoff: 0.00156473
38% complete. Max time remaining: 10 mins, 22 secs. Auto Shutoff: 0.000912587
39% complete. Max time remaining: 10 mins, 11 secs. Auto Shutoff: 0.00314358
40% complete. Max time remaining: 10 mins, 2 secs. Auto Shutoff: 0.00155242
41% complete. Max time remaining: 9 mins, 51 secs. Auto Shutoff: 0.00601275
42% complete. Max time remaining: 9 mins, 42 secs. Auto Shutoff: 0.00313706
43% complete. Max time remaining: 9 mins, 31 secs. Auto Shutoff: 0.0114154
44% complete. Max time remaining: 9 mins, 21 secs. Auto Shutoff: 0.00469598
45% complete. Max time remaining: 9 mins, 11 secs. Auto Shutoff: 0.0233514
46% complete. Max time remaining: 9 mins, 1 secs. Auto Shutoff: 0.0135142
47% complete. Max time remaining: 8 mins, 51 secs. Auto Shutoff: 0.0419601
48% complete. Max time remaining: 8 mins, 41 secs. Auto Shutoff: 0.0258564
49% complete. Max time remaining: 8 mins, 31 secs. Auto Shutoff: 0.0534691
50% complete. Max time remaining: 8 mins, 21 secs. Auto Shutoff: 0.0420281
51% complete. Max time remaining: 8 mins, 11 secs. Auto Shutoff: 0.112999
52% complete. Max time remaining: 8 mins, 1 secs. Auto Shutoff: 0.143703
53% complete. Max time remaining: 7 mins, 51 secs. Auto Shutoff: 0.216029
54% complete. Max time remaining: 7 mins, 41 secs. Auto Shutoff: 0.264186
55% complete. Max time remaining: 7 mins, 31 secs. Auto Shutoff: 0.398851
56% complete. Max time remaining: 7 mins, 21 secs. Auto Shutoff: 0.402195
57% complete. Max time remaining: 7 mins, 11 secs. Auto Shutoff: 0.570486
58% complete. Max time remaining: 7 mins, 1 secs. Auto Shutoff: 0.97194
59% complete. Max time remaining: 6 mins, 50 secs. Auto Shutoff: 0.980841
60% complete. Max time remaining: 6 mins, 41 secs. Auto Shutoff: 1.8071
61% complete. Max time remaining: 6 mins, 30 secs. Auto Shutoff: 1.66184
62% complete. Max time remaining: 6 mins, 20 secs. Auto Shutoff: 2.66625
63% complete. Max time remaining: 6 mins, 10 secs. Auto Shutoff: 2.07322
64% complete. Max time remaining: 5 mins, 60 secs. Auto Shutoff: 5.27975
65% complete. Max time remaining: 5 mins, 50 secs. Auto Shutoff: 3.53155
66% complete. Max time remaining: 5 mins, 40 secs. Auto Shutoff: 14.1163
67% complete. Max time remaining: 5 mins, 30 secs. Auto Shutoff: 7.39575
68% complete. Max time remaining: 5 mins, 20 secs. Auto Shutoff: 22.7293
69% complete. Max time remaining: 5 mins, 10 secs. Auto Shutoff: 12.2775
70% complete. Max time remaining: 4 mins, 60 secs. Auto Shutoff: 40.7965
71% complete. Max time remaining: 4 mins, 51 secs. Auto Shutoff: 19.8131
72% complete. Max time remaining: 4 mins, 40 secs. Auto Shutoff: 79.4364
73% complete. Max time remaining: 4 mins, 31 secs. Auto Shutoff: 35.0916
74% complete. Max time remaining: 4 mins, 20 secs. Auto Shutoff: 152.436
75% complete. Max time remaining: 4 mins, 10 secs. Auto Shutoff: 109.426
76% complete. Max time remaining: 3 mins, 60 secs. Auto Shutoff: 315.185
77% complete. Max time remaining: 3 mins, 50 secs. Auto Shutoff: 176.78
78% complete. Max time remaining: 3 mins, 40 secs. Auto Shutoff: 660.084
79% complete. Max time remaining: 3 mins, 30 secs. Auto Shutoff: 343.409
80% complete. Max time remaining: 3 mins, 20 secs. Auto Shutoff: 838.243
81% complete. Max time remaining: 3 mins, 10 secs. Auto Shutoff: 1169.93
82% complete. Max time remaining: 2 mins, 60 secs. Auto Shutoff: 1681.89
83% complete. Max time remaining: 2 mins, 50 secs. Auto Shutoff: 1872.48
84% complete. Max time remaining: 2 mins, 40 secs. Auto Shutoff: 3256.35
85% complete. Max time remaining: 2 mins, 30 secs. Auto Shutoff: 3933.6
86% complete. Max time remaining: 2 mins, 20 secs. Auto Shutoff: 3540.15
87% complete. Max time remaining: 2 mins, 10 secs. Auto Shutoff: 8871.71
88% complete. Max time remaining: 1 min, 60 secs. Auto Shutoff: 8334.98
89% complete. Max time remaining: 1 min, 50 secs. Auto Shutoff: 14694.6
90% complete. Max time remaining: 1 min, 40 secs. Auto Shutoff: 18425.4
91% complete. Max time remaining: 1 min, 30 secs. Auto Shutoff: 29105
92% complete. Max time remaining: 1 min, 20 secs. Auto Shutoff: 16503.2
93% complete. Max time remaining: 1 min, 10 secs. Auto Shutoff: 56892.8
94% complete. Max time remaining: 60 secs. Auto Shutoff: 36661.5
ERROR: Early termination of simulation, the electromagnetic fields are diverging.
Please see http://kb.lumerical.com/redirect/fwd6.html for how to solve this problem.
Completed 2916618 iterations, or 9.473899e-13s of Simulation Time
Process 0 starting to collect data
    collecting monitor data
    collecting source data
Reverted to narrowband source injection
Using BFAST in the 3d sources! Injection direction: 1, index: 1
Finished collecting data
Simulation completed successfully at: Mon Apr 24 12:16:09 2017
Overall wall time measurements in seconds:
    time to mesh and initialize: 6
    time to run FDTD simulation: 950
    time to finalize data and save to files: 0
    FDTD solver speed: 11.3103 Mnodes/s
    total FDTD solver speed on 1 processes: 11.3103 Mnodes/s
