FDTD Solutions Version 8.17.1157 (Mac 64bit)
 expires (month/day/year): 5/26/2017
using config file: /Users/pleu/.config/Lumerical/FDTD Solutions.ini
license host: <a href=http://coco.sam.pitt.edu:8095>coco.sam.pitt.edu:8095</a>
current time: Mon Apr 24 10:44:02 2017
Running on host: Pauls-MacBook-Pro-8.local
All processes are communicating and ready to proceed to simulation...
Running fsp file: /Applications/Lumerical/FDTD Solutions/FDTD Solutions.app/Contents/MacOS/fdtd-engine -remote /Users/pleu/Documents/LAMP-solar/solar_analysis/examples/thin film angle dependence BFAST/SiThinFilmTheta0degTM.fsp
number of processors is 1
processors are distributed as: 1x1x1
Running 3D Simulation
Split-field FDTD is activated with propagation along axis 3, center frequency is 3, n=1
Starting meshing
Simulation size in gridpoints: 3 x 3 x 299
Completed meshing!
Meshing complete in 0.000209 seconds of CPU time
Numerical discretization of material 'Si (Silicon) - Palik' might be unstable! Max. imaginary part of epsilon is 0.0124665!
160 160
Starting meshing
Simulation size in gridpoints: 3 x 3 x 299
Completed meshing!
Meshing complete in 0.000236 seconds of CPU time
Numerical discretization of material 'Si (Silicon) - Palik' might be unstable! Max. imaginary part of epsilon is 0.0124665!
160 160
Starting meshing
Simulation size in gridpoints: 3 x 3 x 299
Completed meshing!
Meshing complete in 0.000124 seconds of CPU time
Numerical discretization of material 'Si (Silicon) - Palik' might be unstable! Max. imaginary part of epsilon is 0.0124665!
240 240
finished material properties
Using selected optimization level: 2
Selecting 3d kernel for splitFieldDirection=3 and optLevel=2
-----------------------------------------
Beginning initialization of 3D Simulation
Starting to add sources to simulation
Reverted to narrowband source injection
Using BFAST in the 3d sources! Injection direction: 1, index: 1
Adding 3D Gaussian Source propagating in Z
Starting to add boundary conditions to simulation
Adding 3D Anti-Symmetric BC
Adding 3D Anti-Symmetric BC
Adding 3D Symmetric BC
Adding 3D Symmetric BC
Adding 3D PML BC
Adding 3D PML BC
Starting to add monitors to Simulation
Adding analysis monitor
Adding 3D DFT monitor
Adding 3D DFT monitor
Finished initialization of 3D Simulation
-----------------------------------------
All processes are communicating and ready to proceed to simulation...
Starting 104900 total iterations
0% complete. Max time remaining: 34 secs. Auto Shutoff: 1
2% complete. Max time remaining: 34 secs. Auto Shutoff: 375.807
4% complete. Max time remaining: 33 secs. Auto Shutoff: 1585.92
8% complete. Max time remaining: 31 secs. Auto Shutoff: 6677.54
12% complete. Max time remaining: 30 secs. Auto Shutoff: 15026.9
16% complete. Max time remaining: 29 secs. Auto Shutoff: 27055.3
20% complete. Max time remaining: 28 secs. Auto Shutoff: 42595
23% complete. Max time remaining: 26 secs. Auto Shutoff: 61149
27% complete. Max time remaining: 25 secs. Auto Shutoff: 83643.7
30% complete. Max time remaining: 24 secs. Auto Shutoff: 100378
ERROR: Early termination of simulation, the electromagnetic fields are diverging.
Please see http://kb.lumerical.com/redirect/fwd6.html for how to solve this problem.
Completed 31366 iterations, or 2.990081e-13s of Simulation Time
Process 0 starting to collect data
    collecting monitor data
    collecting source data
Reverted to narrowband source injection
Using BFAST in the 3d sources! Injection direction: 1, index: 1
Finished collecting data
Simulation completed successfully at: Mon Apr 24 10:44:19 2017
Overall wall time measurements in seconds:
    time to mesh and initialize: 6
    time to run FDTD simulation: 11
    time to finalize data and save to files: 0
    FDTD solver speed: 7.67326 Mnodes/s
    total FDTD solver speed on 1 processes: 7.67326 Mnodes/s
