FDTD Solutions Version 8.17.1157 (Mac 64bit)
 expires (month/day/year): 5/26/2017
using config file: /Users/pleu/.config/Lumerical/FDTD Solutions.ini
license host: <a href=http://coco.sam.pitt.edu:8095>coco.sam.pitt.edu:8095</a>
current time: Mon Apr 24 11:46:12 2017
Running on host: Pauls-MacBook-Pro-8.local
All processes are communicating and ready to proceed to simulation...
Running fsp file: /Applications/Lumerical/FDTD Solutions/FDTD Solutions.app/Contents/MacOS/fdtd-engine -remote /Users/pleu/Documents/LAMP-solar/solar_analysis/examples/thin film angle dependence BFAST/SiThinFilmTheta60degTE.fsp
number of processors is 1
processors are distributed as: 1x1x1
Running 3D Simulation
Split-field FDTD is activated with propagation along axis 3, center frequency is 3, n=1
Starting meshing
Simulation size in gridpoints: 4 x 3 x 307
Completed meshing!
Meshing complete in 0.000229 seconds of CPU time
Numerical discretization of material 'Si (Silicon) - Palik' might be unstable! Max. imaginary part of epsilon is 0.000851156!
80 80
Starting meshing
Simulation size in gridpoints: 4 x 3 x 307
Completed meshing!
Meshing complete in 0.000162 seconds of CPU time
Numerical discretization of material 'Si (Silicon) - Palik' might be unstable! Max. imaginary part of epsilon is 0.000851156!
80 80
Starting meshing
Simulation size in gridpoints: 4 x 3 x 307
Completed meshing!
Meshing complete in 0.000192 seconds of CPU time
Numerical discretization of material 'Si (Silicon) - Palik' might be unstable! Max. imaginary part of epsilon is 0.000851156!
80 80
finished material properties
Using selected optimization level: 2
Selecting 3d kernel for splitFieldDirection=3 and optLevel=2
-----------------------------------------
Beginning initialization of 3D Simulation
Starting to add sources to simulation
Reverted to narrowband source injection
Using BFAST in the 3d sources! Injection direction: 1, index: 1
Adding 3D Gaussian Source propagating in Z
Starting to add boundary conditions to simulation
Adding 3D Periodic BC
Adding 3D Periodic BC
Adding 3D Anti-Symmetric BC
Adding 3D Anti-Symmetric BC
Adding 3D PML BC
Adding 3D PML BC
Starting to add monitors to Simulation
Adding analysis monitor
Adding 3D DFT monitor
Adding 3D DFT monitor
Finished initialization of 3D Simulation
-----------------------------------------
All processes are communicating and ready to proceed to simulation...
Starting 782985 total iterations
0% complete. Max time remaining: 4 mins, 2 secs. Auto Shutoff: 1
1% complete. Max time remaining: 4 mins, 7 secs. Auto Shutoff: 1
2% complete. Max time remaining: 4 mins, 10 secs. Auto Shutoff: 0.131547
3% complete. Max time remaining: 4 mins, 6 secs. Auto Shutoff: 0.111122
4% complete. Max time remaining: 4 mins, 1 secs. Auto Shutoff: 0.0644857
5% complete. Max time remaining: 3 mins, 57 secs. Auto Shutoff: 0.0502341
6% complete. Max time remaining: 3 mins, 53 secs. Auto Shutoff: 0.0395819
7% complete. Max time remaining: 3 mins, 50 secs. Auto Shutoff: 0.0272385
8% complete. Max time remaining: 3 mins, 47 secs. Auto Shutoff: 0.0219454
9% complete. Max time remaining: 3 mins, 46 secs. Auto Shutoff: 0.015591
10% complete. Max time remaining: 3 mins, 44 secs. Auto Shutoff: 0.0120473
12% complete. Max time remaining: 3 mins, 42 secs. Auto Shutoff: 0.00917606
12% complete. Max time remaining: 3 mins, 41 secs. Auto Shutoff: 0.00813806
13% complete. Max time remaining: 3 mins, 38 secs. Auto Shutoff: 0.00618149
14% complete. Max time remaining: 3 mins, 36 secs. Auto Shutoff: 0.00467713
15% complete. Max time remaining: 3 mins, 33 secs. Auto Shutoff: 0.00355839
16% complete. Max time remaining: 3 mins, 30 secs. Auto Shutoff: 0.00291802
17% complete. Max time remaining: 3 mins, 28 secs. Auto Shutoff: 0.00208641
18% complete. Max time remaining: 3 mins, 25 secs. Auto Shutoff: 0.00168125
19% complete. Max time remaining: 3 mins, 22 secs. Auto Shutoff: 0.00125331
20% complete. Max time remaining: 3 mins, 20 secs. Auto Shutoff: 0.000982364
21% complete. Max time remaining: 3 mins, 17 secs. Auto Shutoff: 0.000778988
22% complete. Max time remaining: 3 mins, 15 secs. Auto Shutoff: 0.000588258
23% complete. Max time remaining: 3 mins, 14 secs. Auto Shutoff: 0.000510125
24% complete. Max time remaining: 3 mins, 11 secs. Auto Shutoff: 0.000423392
25% complete. Max time remaining: 3 mins, 9 secs. Auto Shutoff: 0.000311858
26% complete. Max time remaining: 3 mins, 6 secs. Auto Shutoff: 0.000238445
27% complete. Max time remaining: 3 mins, 4 secs. Auto Shutoff: 0.000185708
28% complete. Max time remaining: 3 mins, 1 secs. Auto Shutoff: 0.000147226
29% complete. Max time remaining: 2 mins, 58 secs. Auto Shutoff: 0.000116322
30% complete. Max time remaining: 2 mins, 56 secs. Auto Shutoff: 9.07194e-05
31% complete. Max time remaining: 2 mins, 53 secs. Auto Shutoff: 6.76523e-05
32% complete. Max time remaining: 2 mins, 51 secs. Auto Shutoff: 5.3602e-05
33% complete. Max time remaining: 2 mins, 48 secs. Auto Shutoff: 4.27077e-05
34% complete. Max time remaining: 2 mins, 47 secs. Auto Shutoff: 3.78647e-05
35% complete. Max time remaining: 2 mins, 45 secs. Auto Shutoff: 2.8083e-05
36% complete. Max time remaining: 2 mins, 42 secs. Auto Shutoff: 2.21498e-05
37% complete. Max time remaining: 2 mins, 40 secs. Auto Shutoff: 1.8383e-05
38% complete. Max time remaining: 2 mins, 37 secs. Auto Shutoff: 1.37158e-05
39% complete. Max time remaining: 2 mins, 34 secs. Auto Shutoff: 1.03397e-05
100% complete. Max time remaining: 0 mins, 0 secs. Auto Shutoff: 9.93682e-06
Early termination of simulation, the autoshutoff criteria are satisfied.
Completed 309564 iterations, or 3.953637e-13s of Simulation Time
Process 0 starting to collect data
    collecting monitor data
    collecting source data
Reverted to narrowband source injection
Using BFAST in the 3d sources! Injection direction: 1, index: 1
Finished collecting data
Simulation completed successfully at: Mon Apr 24 11:47:59 2017
Overall wall time measurements in seconds:
    time to mesh and initialize: 5
    time to run FDTD simulation: 101
    time to finalize data and save to files: 0
    FDTD solver speed: 11.2914 Mnodes/s
    total FDTD solver speed on 1 processes: 11.2914 Mnodes/s
