FDTD Solutions Version 8.17.1157 (Mac 64bit)
 expires (month/day/year): 5/26/2017
using config file: /Users/pleu/.config/Lumerical/FDTD Solutions.ini
license host: <a href=http://coco.sam.pitt.edu:8095>coco.sam.pitt.edu:8095</a>
current time: Mon Apr 24 15:00:12 2017
Running on host: Pauls-MacBook-Pro-8.local
All processes are communicating and ready to proceed to simulation...
Running fsp file: /Applications/Lumerical/FDTD Solutions/FDTD Solutions.app/Contents/MacOS/fdtd-engine -remote /Users/pleu/Documents/LAMP-solar/solar_analysis/examples/nanowire angle dependence BFAST/SiNanowireTheta0degPhi0degTE.fsp
number of processors is 1
processors are distributed as: 1x1x1
Running 3D Simulation
Split-field FDTD is activated with propagation along axis 3, center frequency is 3, n=1
Starting meshing
Simulation size in gridpoints: 17 x 17 x 54
Completed meshing!
Meshing complete in 0.006373 seconds of CPU time
0 0
Starting meshing
Simulation size in gridpoints: 17 x 17 x 54
Completed meshing!
Meshing complete in 0.006092 seconds of CPU time
0 0
Starting meshing
Simulation size in gridpoints: 17 x 17 x 54
Completed meshing!
Meshing complete in 0.006805 seconds of CPU time
0 0
finished material properties
Using selected optimization level: 2
Selecting 3d kernel for splitFieldDirection=3 and optLevel=2
-----------------------------------------
Beginning initialization of 3D Simulation
Starting to add sources to simulation
Reverted to narrowband source injection
Using BFAST in the 3d sources! Injection direction: 1, index: 1
Adding 3D Gaussian Source propagating in Z
Starting to add boundary conditions to simulation
Adding 3D Periodic BC
Adding 3D Periodic BC
Adding 3D Periodic BC
Adding 3D Periodic BC
Adding 3D PML BC
Adding 3D PML BC
Starting to add monitors to Simulation
Adding analysis monitor
Adding 3D DFT monitor
Adding 3D DFT monitor
Finished initialization of 3D Simulation
-----------------------------------------
All processes are communicating and ready to proceed to simulation...
Starting 26342 total iterations
0% complete. Max time remaining: 24 secs. Auto Shutoff: 1
2% complete. Max time remaining: 22 secs. Auto Shutoff: 0.0348616
4% complete. Max time remaining: 22 secs. Auto Shutoff: 0.0185528
8% complete. Max time remaining: 20 secs. Auto Shutoff: 0.0133379
15% complete. Max time remaining: 18 secs. Auto Shutoff: 0.0118217
23% complete. Max time remaining: 17 secs. Auto Shutoff: 0.00990669
31% complete. Max time remaining: 15 secs. Auto Shutoff: 0.0117393
39% complete. Max time remaining: 13 secs. Auto Shutoff: 0.0146719
47% complete. Max time remaining: 11 secs. Auto Shutoff: 0.0167072
54% complete. Max time remaining: 10 secs. Auto Shutoff: 0.0219279
62% complete. Max time remaining: 8 secs. Auto Shutoff: 0.0284913
70% complete. Max time remaining: 6 secs. Auto Shutoff: 0.0357788
78% complete. Max time remaining: 5 secs. Auto Shutoff: 0.04692
85% complete. Max time remaining: 3 secs. Auto Shutoff: 0.0614499
93% complete. Max time remaining: 1 secs. Auto Shutoff: 0.0796641
100% complete. Max time remaining: 0 secs. Auto Shutoff: 0.100925
Completed 26342 iterations, or 9.999958e-13s of Simulation Time
Process 0 starting to collect data
    collecting monitor data
    collecting source data
Reverted to narrowband source injection
Using BFAST in the 3d sources! Injection direction: 1, index: 1
Finished collecting data
Simulation completed successfully at: Mon Apr 24 15:00:33 2017
Overall wall time measurements in seconds:
    time to mesh and initialize: 0
    time to run FDTD simulation: 21
    time to finalize data and save to files: 0
    FDTD solver speed: 19.5759 Mnodes/s
    total FDTD solver speed on 1 processes: 19.5759 Mnodes/s
