\BOOKMARK [1][-]{section.1}{Solar Spectrum}{}% 1
\BOOKMARK [2][-]{subsection.1.1}{Optical Properties}{section.1}% 2
\BOOKMARK [1][-]{section.2}{Ultimate Efficiency}{}% 3
\BOOKMARK [1][-]{section.3}{Limiting Efficiency}{}% 4
\BOOKMARK [2][-]{subsection.3.1}{Photon flux}{section.3}% 5
\BOOKMARK [2][-]{subsection.3.2}{Solar cell under light}{section.3}% 6
\BOOKMARK [3][-]{subsubsection.3.2.1}{Slight Accuracy Improvement}{subsection.3.2}% 7
\BOOKMARK [2][-]{subsection.3.3}{Tandem Cells}{section.3}% 8
\BOOKMARK [1][-]{section.4}{Absolute Limiting Efficiency}{}% 9
\BOOKMARK [2][-]{subsection.4.1}{Geometrical Factors}{section.4}% 10
\BOOKMARK [2][-]{subsection.4.2}{Restriction of Solid Angle}{section.4}% 11
\BOOKMARK [2][-]{subsection.4.3}{Non-Idealities}{section.4}% 12
\BOOKMARK [3][-]{subsubsection.4.3.1}{Internal Fluorescence}{subsection.4.3}% 13
\BOOKMARK [1][-]{section.5}{Angle Dependent Properties}{}% 14
\BOOKMARK [2][-]{subsection.5.1}{Maximum Absorption Enhancement}{section.5}% 15
\BOOKMARK [1][-]{section.6}{Absorption per Unit Volume}{}% 16
\BOOKMARK [1][-]{section.7}{Absorption of Uniform Plane Wave in Infinite Media}{}% 17
\BOOKMARK [1][-]{section.8}{Transverse Modes}{}% 18
\BOOKMARK [1][-]{section.9}{Transfer Matrix Method for Isotropic Layered Media}{}% 19
\BOOKMARK [2][-]{subsection.9.1}{2 2 Matrix Formulation for a Thin Film}{section.9}% 20
